C51 COMPILER V9.01   DIS                                                                   12/25/2016 13:31:38 PAGE 1   


C51 COMPILER V9.01, COMPILATION OF MODULE DIS
OBJECT MODULE PLACED IN dis.OBJ
COMPILER INVOKED BY: E:\Keil\C51\BIN\C51.EXE dis.c LARGE BROWSE DEBUG OBJECTEXTEND

line level    source

   1          #include<head.h>
   2          sbit LCD_RS=P3^0;
   3          sbit LCD_RW=P3^6;
   4          sbit LCD_E=P3^1;
   5          uchar LCD_ReadStatus(void)       //定义显示屏读状态函数
   6          {                
   7   1              DataPort=0xFF;
   8   1              LCD_RS=0;
   9   1              LCD_RW=1;
  10   1              LCD_E=1;
  11   1              while(DataPort&0x80);
  12   1              return(DataPort);
  13   1      }
  14          uchar LCD_ReadData(void)   //定义读数据函数
  15          {         
  16   1              LCD_RS=1;
  17   1              LCD_RW=1;
  18   1              LCD_E=1;
  19   1              return(DataPort);
  20   1      }
  21          void LCD_WriteCommand(uchar CMDW,uchar Busy)   //定义写指令函数
  22          {
  23   1              if(Busy)LCD_ReadStatus();
  24   1              LCD_RS=0;
  25   1              LCD_RW=0;
  26   1              LCD_E=1;
  27   1              DataPort=CMDW;
  28   1              LCD_E=0;
  29   1              _nop_();
  30   1              _nop_();
  31   1              _nop_();
  32   1              _nop_();
  33   1              LCD_E=1;
  34   1      }
  35          void LCD_WriteData(uchar WData) //向LCD写数据
  36          {   
  37   1              LCD_RS=1;
  38   1              LCD_RW=0;
  39   1              LCD_E=1;
  40   1              DataPort=WData;
  41   1              LCD_E=0;
  42   1              _nop_();
  43   1              _nop_();
  44   1              _nop_();
  45   1              _nop_();
  46   1              LCD_E=1;
  47   1      }
  48          void SetPosition(uchar X,uchar Y)        //设置显示的坐标函数
  49          {   
  50   1              if(Y==1)LCD_WriteCommand(X&0x0F|0xC0,0);
  51   1              else if(Y==0)LCD_WriteCommand(X&0x0F|0x80,0);
  52   1              else if(Y==2)LCD_WriteCommand(X&0x0F|0x90,0);
  53   1              else LCD_WriteCommand(X&0x0F|0xD0,0);
  54   1      }
  55          void DisplayListChar(uchar ListLength,uchar *Data) //显示字符串
C51 COMPILER V9.01   DIS                                                                   12/25/2016 13:31:38 PAGE 2   

  56          {
  57   1              uchar i;
  58   1              for(i=0;i<ListLength&0x0F;i++)
  59   1                      LCD_WriteData(* Data++);
  60   1      }
  61          void initarray() //初始化数组
  62          {        
  63   1              uchar i;
  64   1              for(i=0;i<20;i++)
  65   1              {
  66   2                      uchar j;
  67   2                      for(j=0;j<16;j++)
  68   2                      {
  69   3                              list[i][j]=' ';
  70   3                      }
  71   2                      mem[i]=0;
  72   2              }
  73   1              mark1=0;
  74   1              mark2=0;
  75   1              DisplayFlag=1;
  76   1              addmark=0;
  77   1              showmark=0;
  78   1              sound=0;
  79   1      }
  80          void empty()   //清空屏幕
  81          {
  82   1              uchar i;
  83   1              for(i=0;i<20;i++)
  84   1              {
  85   2                      uchar j;
  86   2                      for(j=0;j<16;j++)
  87   2                      {
  88   3                              list[i][j]=0;
  89   3                      }
  90   2                      mem[i]=0;
  91   2              }
  92   1              mark1=0;
  93   1              mark2=0;
  94   1              sound=0;
  95   1              DisplayFlag=1;
  96   1              addmark=0;
  97   1              showmark=0;
  98   1              SetPosition(0,0);
  99   1              DisplayListChar(16,null);
 100   1              SetPosition(0,1);
 101   1              DisplayListChar(16,null);
 102   1              SetPosition(0,2);
 103   1              DisplayListChar(16,null);
 104   1              SetPosition(0,3);
 105   1              DisplayListChar(16,null);
 106   1      }
 107          void Task0(void) _task_ INIT   //定义进程0，做初始化操作
 108          {
 109   1              while(1){
 110   2                      os_reset_interval(DELAYTIME);
 111   2                      LCD_WriteCommand(DISPLAYMODE,0);
 112   2                      os_wait(K_IVL,DELAYTIME,0);
 113   2                      LCD_WriteCommand(OPENDISPLAY,0);
 114   2                      os_wait(K_IVL,DELAYTIME,0);
 115   2                      LCD_WriteCommand(MOVECURSOR,0);
 116   2                      os_wait(K_IVL,DELAYTIME,0);
 117   2                      LCD_WriteCommand(CLS,0);
C51 COMPILER V9.01   DIS                                                                   12/25/2016 13:31:38 PAGE 3   

 118   2                      os_wait(K_IVL,DELAYTIME,0);
 119   2                      LCD_WriteCommand(CURSORRESET,0);
 120   2                      os_wait(K_IVL,DELAYTIME,0);
 121   2                      initarray();
 122   2                      mark3=0;
 123   2                      KeyBuffer=' ';  
 124   2                      os_create_task(TASK1);
 125   2                      os_create_task(TASK2);
 126   2                      os_create_task(TASK3);
 127   2                      os_delete_task(INIT);
 128   2              }
 129   1      }
 130          void addword()//添加一个数字
 131          {
 132   1              if(mark2==15)error1();
 133   1              else {
 134   2                      if(KeyBuffer=='.')
 135   2                      {
 136   3                              if(mark2==0||(list[mark1][mark2-1]<'0'||list[mark1][mark2-1]>'9')){
 137   4                                      list[mark1][mark2]='0';
 138   4                                      mark2++;
 139   4                              }
 140   3                      }
 141   2                      list[mark1][mark2]=KeyBuffer;
 142   2                      mark2++;
 143   2              }
 144   1              addmark=0;
 145   1      }
 146          void normalshow()//正常显示，显示输入的数字
 147          {
 148   1              if(mark1>=4)
 149   1              {
 150   2                      int i;
 151   2                      for(i=0;i<4;i++)
 152   2                      {
 153   3                              SetPosition(0,i);
 154   3                              DisplayListChar(16,list[mark1-3+i]);
 155   3                      }
 156   2              }
 157   1              else{
 158   2                      int i;
 159   2                      for(i=0;i<=mark1;i++)
 160   2                      {
 161   3                              SetPosition(0,3-mark1+i);
 162   3                              DisplayListChar(16,list[i]);
 163   3                      }
 164   2              }
 165   1              DisplayFlag=0;
 166   1      }
 167          void showresult()//显示统计计算后的结果
 168          {
 169   1              SetPosition(0,0);
 170   1              DisplayListChar(16,null);
 171   1              SetPosition(0,1);
 172   1              DisplayListChar(16,null);
 173   1              SetPosition(0,2);
 174   1              DisplayListChar(16,null);
 175   1              SetPosition(0,3);
 176   1              DisplayListChar(16,result);
 177   1              DisplayFlag=0;
 178   1      }
 179          void showerror()//显示错误的信息
C51 COMPILER V9.01   DIS                                                                   12/25/2016 13:31:38 PAGE 4   

 180          {
 181   1              SetPosition(0,0);
 182   1              DisplayListChar(16,null);
 183   1              SetPosition(0,1);
 184   1              DisplayListChar(16,null);
 185   1              SetPosition(0,2);
 186   1              DisplayListChar(16,null);
 187   1              SetPosition(0,3);
 188   1              DisplayListChar(16,errorresult);
 189   1              DisplayFlag=0;
 190   1      }
 191          void Task1_DisplayBuffer(void) _task_ TASK1      //进程1控制LCD的进程
 192          {
 193   1              while(1){
 194   2                      if(addmark==1)addword();
 195   2                      if(DisplayFlag){
 196   3                              switch(showmark){
 197   4                                      case 1:empty();break;
 198   4                                      case 2:showresult();break;
 199   4                                      case 3:showerror();break;
 200   4                                      case 0:normalshow();break;
 201   4                              }
 202   3                      }
 203   2                      os_switch_task();
 204   2                      LCD_ReadData();
 205   2              }
 206   1      }


MODULE INFORMATION:   STATIC OVERLAYABLE
   CODE SIZE        =   1033    ----
   CONSTANT SIZE    =   ----    ----
   XDATA SIZE       =   ----       7
   PDATA SIZE       =   ----    ----
   DATA SIZE        =   ----    ----
   IDATA SIZE       =   ----    ----
   BIT SIZE         =   ----    ----
END OF MODULE INFORMATION.


C51 COMPILATION COMPLETE.  0 WARNING(S),  0 ERROR(S)
